This is e-pTeX, Version 3.1415926-p3.3-110825-2.4 (utf8.euc) (TeX Live 2012) (format=platex 2012.6.30)  11 MAY 2015 02:31
entering extended mode
 restricted \write18 enabled.
 %&-line parsing enabled.
**main.tex
(./main.tex
pLaTeX2e <2006/11/10> (based on LaTeX2e <2011/06/27> patch level 0)
Babel <v3.8m> and hyphenation patterns for english, dumylang, nohyphenation, ge
rman-x-2012-05-30, ngerman-x-2012-05-30, afrikaans, ancientgreek, ibycus, arabi
c, armenian, basque, bulgarian, catalan, pinyin, coptic, croatian, czech, danis
h, dutch, ukenglish, usenglishmax, esperanto, estonian, ethiopic, farsi, finnis
h, french, friulan, galician, german, ngerman, swissgerman, monogreek, greek, h
ungarian, icelandic, assamese, bengali, gujarati, hindi, kannada, malayalam, ma
rathi, oriya, panjabi, tamil, telugu, indonesian, interlingua, irish, italian, 
kurmanji, latin, latvian, lithuanian, mongolian, mongolianlmc, bokmal, nynorsk,
 polish, portuguese, romanian, romansh, russian, sanskrit, serbian, serbianc, s
lovak, slovenian, spanish, swedish, turkish, turkmen, ukrainian, uppersorbian, 
welsh, loaded.
(./kyouritu.cls
Document Class: kyouritu 2009/12/08
\@@tiny=\dimen118
\@@scriptsize=\dimen119
\@@footnotesize=\dimen120
\@@small=\dimen121
\@@normalsize=\dimen122
\@@large=\dimen123
\@@Large=\dimen124
\@@LARGE=\dimen125
\@@huge=\dimen126
\@@Huge=\dimen127
\@@HUGE=\dimen128
\@@tiny@@baseline=\dimen129
\@@scriptsize@@baseline=\dimen130
\@@footnotesize@@baseline=\dimen131
\@@small@@baseline=\dimen132
\@@normalsize@@baseline=\dimen133
\@@large@@baseline=\dimen134
\@@Large@@baseline=\dimen135
\@@LARGE@@baseline=\dimen136
\@@huge@@baseline=\dimen137
\@@Huge@@baseline=\dimen138
\@@HUGE@@baseline=\dimen139
LaTeX Info: Redefining \selectfont on input line 256.
tiny = 6.99866Q / 4.97922pt
scriptsize = 9.99811Q / 7.11317pt
footnotesize = 10.99792Q / 7.8245pt
small = 11.99774Q / 8.53581pt
normalsize = 12.99756Q / 9.24713pt
large = 13.99738Q / 9.95845pt
Large = 14.9972Q / 10.66977pt
LARGE = 15.99701Q / 11.38109pt
huge = 19.99622Q / 14.22636pt
Huge = 24.9953Q / 17.78296pt
HUGE = 44.99164Q / 32.00934pt
LaTeX Font Info:    External font `cmex10' loaded for size
(Font)              <7> on input line 706.
LaTeX Font Info:    External font `cmex10' loaded for size
(Font)              <5> on input line 706.
tiny = 6.99866Q / 4.97922pt
scriptsize = 9.99811Q / 7.11317pt
footnotesize = 10.99792Q / 7.8245pt
small = 11.99774Q / 8.53581pt
normalsize = 12.99756Q / 9.24713pt
large = 13.99738Q / 9.95845pt
Large = 14.9972Q / 10.66977pt
LARGE = 15.99701Q / 11.38109pt
huge = 19.99622Q / 14.22636pt
Huge = 24.9953Q / 17.78296pt
HUGE = 44.99164Q / 32.00934pt
<<<<397.62665pt,562.90936pt,517.84015pt,731.23582pt
\@@marginparwidth=\dimen140
LaTeX Info: Redefining \sffamily on input line 947.
LaTeX Info: Redefining \ttfamily on input line 950.
--------------
JFM=jistfm.tfm
--------------
LaTeX Info: Redefining \normalsize on input line 1122.
LaTeX Font Info:    Font shape `JT1/mrml/m/n' will be
(Font)              scaled to size 10.39261pt on input line 1132.
LaTeX Font Info:    Font shape `JY1/mrml/m/n' will be
(Font)              scaled to size 10.39261pt on input line 1132.
LaTeX Font Info:    Font shape `OT1/cmr/m/n' will be
(Font)              scaled to size 10.56pt on input line 1132.
LaTeX Font Info:    Font shape `JT1/mrml/m/n' will be
(Font)              scaled to size 9.61017pt on input line 1132.
LaTeX Font Info:    Font shape `JY1/mrml/m/n' will be
(Font)              scaled to size 9.61017pt on input line 1132.
LaTeX Font Info:    Font shape `OT1/cmr/m/n' will be
(Font)              scaled to size 9.76495pt on input line 1132.
LaTeX Font Info:    Font shape `JT1/mrml/m/n' will be
(Font)              scaled to size 8.87093pt on input line 1169.
LaTeX Font Info:    Font shape `JY1/mrml/m/n' will be
(Font)              scaled to size 8.87093pt on input line 1169.
LaTeX Font Info:    Font shape `OT1/cmr/m/n' will be
(Font)              scaled to size 9.01381pt on input line 1169.
\@@evensidemargin=\dimen141
\c@part=\count81
\c@chapter=\count82
\c@section=\count83
\c@subsection=\count84
\c@subsubsection=\count85
\c@paragraph=\count86
\c@subparagraph=\count87
\pre@head@skip=\dimen142
\after@head@skip=\dimen143
\@pre@section@skip=\dimen144
\@after@section@skip=\dimen145
\@pre@subsection@skip=\dimen146
\@after@subsection@skip=\dimen147
\@pre@subsubsection@skip=\dimen148
\@after@subsubsection@skip=\dimen149
LaTeX Font Info:    Font shape `JT1/mrml/m/n' will be
(Font)              scaled to size 11.08867pt on input line 1780.
LaTeX Font Info:    Font shape `JY1/mrml/m/n' will be
(Font)              scaled to size 11.08867pt on input line 1780.
LaTeX Font Info:    Font shape `OT1/cmr/m/n' will be
(Font)              scaled to size 11.26727pt on input line 1780.
LaTeX Font Info:    Font shape `JT1/mgbm/m/n' will be
(Font)              scaled to size 11.08867pt on input line 1780.
LaTeX Font Info:    Font shape `JY1/mgbm/m/n' will be
(Font)              scaled to size 11.08867pt on input line 1780.
LaTeX Font Info:    Font shape `JT1/mgbm/bx/n' will be
(Font)              scaled to size 11.08867pt on input line 1780.
LaTeX Font Info:    Font shape `JY1/mgbm/bx/n' will be
(Font)              scaled to size 11.08867pt on input line 1780.
LaTeX Font Info:    Font shape `OT1/cmr/bx/n' will be
(Font)              scaled to size 11.26727pt on input line 1780.
LaTeX Font Info:    Font shape `JT1/mrml/m/n' will be
(Font)              scaled to size 10.34943pt on input line 1781.
LaTeX Font Info:    Font shape `JY1/mrml/m/n' will be
(Font)              scaled to size 10.34943pt on input line 1781.
LaTeX Font Info:    Font shape `OT1/cmr/m/n' will be
(Font)              scaled to size 10.51611pt on input line 1781.
LaTeX Font Info:    Font shape `JT1/mgbm/m/n' will be
(Font)              scaled to size 10.34943pt on input line 1781.
LaTeX Font Info:    Font shape `JY1/mgbm/m/n' will be
(Font)              scaled to size 10.34943pt on input line 1781.
LaTeX Font Info:    Font shape `JT1/mgbm/bx/n' will be
(Font)              scaled to size 10.34943pt on input line 1781.
LaTeX Font Info:    Font shape `JY1/mgbm/bx/n' will be
(Font)              scaled to size 10.34943pt on input line 1781.
LaTeX Font Info:    Font shape `OT1/cmr/bx/n' will be
(Font)              scaled to size 10.51611pt on input line 1781.
LaTeX Font Info:    Font shape `JT1/mgbm/m/n' will be
(Font)              scaled to size 9.61017pt on input line 1782.
LaTeX Font Info:    Font shape `JY1/mgbm/m/n' will be
(Font)              scaled to size 9.61017pt on input line 1782.
LaTeX Font Info:    Font shape `JT1/mgbm/bx/n' will be
(Font)              scaled to size 9.61017pt on input line 1782.
LaTeX Font Info:    Font shape `JY1/mgbm/bx/n' will be
(Font)              scaled to size 9.61017pt on input line 1782.
LaTeX Font Info:    Font shape `OT1/cmr/bx/n' will be
(Font)              scaled to size 9.76495pt on input line 1782.
\c@figure=\count88
\c@table=\count89
\abovecaptionskip=\skip41
\belowcaptionskip=\skip42
\symmincho=\mathgroup4
LaTeX Font Info:    Overwriting symbol font `mincho' in version `bold'
(Font)                  JY1/mc/m/n --> JY1/gt/m/n on input line 2029.
\toclineskip=\dimen150
\@lnumwidth=\dimen151
\bibindent=\dimen152
\line@gap=\dimen153
\header@@height=\dimen154
\mytempdima=\dimen155
\Departopsep=\dimen156
\dmath@height=\dimen157
\dmath@height@vshift=\dimen158
\dmath@cunt=\count90
) (/usr/local/texlive/2012/texmf-dist/tex/latex/graphics/graphicx.sty
Package: graphicx 1999/02/16 v1.0f Enhanced LaTeX Graphics (DPC,SPQR)

(/usr/local/texlive/2012/texmf-dist/tex/latex/graphics/keyval.sty
Package: keyval 1999/03/16 v1.13 key=value parser (DPC)
\KV@toks@=\toks15
)
(/usr/local/texlive/2012/texmf-dist/tex/latex/graphics/graphics.sty
Package: graphics 2009/02/05 v1.0o Standard LaTeX Graphics (DPC,SPQR)

(/usr/local/texlive/2012/texmf-dist/tex/latex/graphics/trig.sty
Package: trig 1999/03/16 v1.09 sin cos tan (DPC)
)
(/usr/local/texlive/2012/texmf-dist/tex/latex/latexconfig/graphics.cfg
File: graphics.cfg 2010/04/23 v1.9 graphics configuration of TeX Live
)
Package graphics Info: Driver file: dvipdfmx.def on input line 91.

(/usr/local/texlive/2012/texmf-dist/tex/latex/dvipdfmx-def/dvipdfmx.def
File: dvipdfmx.def 1999/02/16 v3.0i Driver-dependant file (DPC,SPQR)
))
\Gin@req@height=\dimen159
\Gin@req@width=\dimen160
)
(/usr/local/texlive/2012/texmf-dist/tex/latex/base/makeidx.sty
Package: makeidx 2000/03/29 v1.0m Standard LaTeX package
)
(/usr/local/texlive/2012/texmf-dist/tex/latex/tools/multicol.sty
Package: multicol 2011/06/27 v1.7a multicolumn formatting (FMi)
\c@tracingmulticols=\count91
\mult@box=\box41
\multicol@leftmargin=\dimen161
\c@unbalance=\count92
\c@collectmore=\count93
\doublecol@number=\count94
\multicoltolerance=\count95
\multicolpretolerance=\count96
\full@width=\dimen162
\page@free=\dimen163
\premulticols=\dimen164
\postmulticols=\dimen165
\multicolsep=\skip43
\multicolbaselineskip=\skip44
\partial@page=\box42
\last@line=\box43
\mult@rightbox=\box44
\mult@grightbox=\box45
\mult@gfirstbox=\box46
\mult@firstbox=\box47
\@tempa=\box48
\@tempa=\box49
\@tempa=\box50
\@tempa=\box51
\@tempa=\box52
\@tempa=\box53
\@tempa=\box54
\@tempa=\box55
\@tempa=\box56
\@tempa=\box57
\@tempa=\box58
\@tempa=\box59
\@tempa=\box60
\@tempa=\box61
\@tempa=\box62
\@tempa=\box63
\@tempa=\box64
\c@columnbadness=\count97
\c@finalcolumnbadness=\count98
\last@try=\dimen166
\multicolovershoot=\dimen167
\multicolundershoot=\dimen168
\mult@nat@firstbox=\box65
\colbreak@box=\box66
\multicol@sort@counter=\count99
)
(/usr/local/texlive/2012/texmf-dist/tex/latex/amsmath/amsmath.sty
Package: amsmath 2000/07/18 v2.13 AMS math features
\@mathmargin=\skip45

For additional information on amsmath, use the `?' option.
(/usr/local/texlive/2012/texmf-dist/tex/latex/amsmath/amstext.sty
Package: amstext 2000/06/29 v2.01

(/usr/local/texlive/2012/texmf-dist/tex/latex/amsmath/amsgen.sty
File: amsgen.sty 1999/11/30 v2.0
\@emptytoks=\toks16
\ex@=\dimen169
))
(/usr/local/texlive/2012/texmf-dist/tex/latex/amsmath/amsbsy.sty
Package: amsbsy 1999/11/29 v1.2d
\pmbraise@=\dimen170
)
(/usr/local/texlive/2012/texmf-dist/tex/latex/amsmath/amsopn.sty
Package: amsopn 1999/12/14 v2.01 operator names
)
\inf@bad=\count100
LaTeX Info: Redefining \frac on input line 211.
\uproot@=\count101
\leftroot@=\count102
LaTeX Info: Redefining \overline on input line 307.
\classnum@=\count103
\DOTSCASE@=\count104
LaTeX Info: Redefining \ldots on input line 379.
LaTeX Info: Redefining \dots on input line 382.
LaTeX Info: Redefining \cdots on input line 467.
\Mathstrutbox@=\box67
\strutbox@=\box68
\big@size=\dimen171
LaTeX Font Info:    Redeclaring font encoding OML on input line 567.
LaTeX Font Info:    Redeclaring font encoding OMS on input line 568.
\macc@depth=\count105
\c@MaxMatrixCols=\count106
\dotsspace@=\muskip10
\c@parentequation=\count107
\dspbrk@lvl=\count108
\tag@help=\toks17
\row@=\count109
\column@=\count110
\maxfields@=\count111
\andhelp@=\toks18
\eqnshift@=\dimen172
\alignsep@=\dimen173
\tagshift@=\dimen174
\tagwidth@=\dimen175
\totwidth@=\dimen176
\lineht@=\dimen177
\@envbody=\toks19
\multlinegap=\skip46
\multlinetaggap=\skip47
\mathdisplay@stack=\toks20
LaTeX Info: Redefining \[ on input line 2666.
LaTeX Info: Redefining \] on input line 2667.
)
(/usr/local/texlive/2012/texmf-dist/tex/latex/amsfonts/amssymb.sty
Package: amssymb 2009/06/22 v3.00

(/usr/local/texlive/2012/texmf-dist/tex/latex/amsfonts/amsfonts.sty
Package: amsfonts 2009/06/22 v3.00 Basic AMSFonts support
\symAMSa=\mathgroup5
\symAMSb=\mathgroup6
LaTeX Font Info:    Overwriting math alphabet `\mathfrak' in version `bold'
(Font)                  U/euf/m/n --> U/euf/b/n on input line 96.
))
(/usr/local/texlive/2012/texmf-dist/tex/latex/amscls/amsthm.sty
Package: amsthm 2009/07/02 v2.20.1
\thm@style=\toks21
\thm@bodyfont=\toks22
\thm@headfont=\toks23
\thm@notefont=\toks24
\thm@headpunct=\toks25
\thm@preskip=\skip48
\thm@postskip=\skip49
\thm@headsep=\skip50
\dth@everypar=\toks26
)
(/usr/local/texlive/2012/texmf-dist/tex/platex/base/ascmac.sty
(/usr/local/texlive/2012/texmf-dist/tex/platex/base/tascmac.sty
\@savetbaselineshift=\dimen178
\@saveybaselineshift=\dimen179
\scb@x=\box69
\scscb@x=\box70
\@bw=\dimen180
\@nbox=\box71
\@nbody=\box72
\@scw=\dimen181
\@itemh=\dimen182
\@iboxpos=\toks27
\@iboxstr=\box73
\@bwsp=\box74
\@@bwsp=\box75
\@bcal=\count112
\shaderule=\dimen183
))
(/usr/local/texlive/2012/texmf-dist/tex/latex/wrapfig/wrapfig.sty
\wrapoverhang=\dimen184
\WF@size=\dimen185
\c@WF@wrappedlines=\count113
\WF@box=\box76
\WF@everypar=\toks28
Package: wrapfig 2003/01/31  v 3.6
)
(/usr/local/texlive/2012/texmf-dist/tex/generic/xypic/xy.sty
(/usr/local/texlive/2012/texmf-dist/tex/generic/xypic/xy.tex Bootstrap'ing:
catcodes, docmode,
(/usr/local/texlive/2012/texmf-dist/tex/generic/xypic/xyrecat.tex)
(/usr/local/texlive/2012/texmf-dist/tex/generic/xypic/xyidioms.tex)

 Xy-pic version 3.8.8 <2012/05/24>
 Copyright (c) 1991-2011 by Kristoffer H. Rose <krisrose@tug.org>
 Xy-pic is free software: see the User's Guide for details.

Loading kernel: messages; fonts; allocations: state,
\X@c=\dimen186
\Y@c=\dimen187
\U@c=\dimen188
\D@c=\dimen189
\L@c=\dimen190
\R@c=\dimen191
\Edge@c=\toks29
\X@p=\dimen192
\Y@p=\dimen193
\U@p=\dimen194
\D@p=\dimen195
\L@p=\dimen196
\R@p=\dimen197
\Edge@p=\toks30
\X@origin=\dimen198
\Y@origin=\dimen199
\X@xbase=\dimen200
\Y@xbase=\dimen201
\X@ybase=\dimen202
\Y@ybase=\dimen203
\X@min=\dimen204
\Y@min=\dimen205
\X@max=\dimen206
\Y@max=\dimen207
\lastobjectbox@=\box77
\zerodotbox@=\box78
\almostz@=\dimen208
 direction,
\d@X=\dimen209
\d@Y=\dimen210
\K@=\count114
\KK@=\count115
\Direction=\count116
\K@dXdY=\dimen211
\K@dYdX=\dimen212
\xyread@=\read1
\xywrite@=\write3
\csp@=\count117
\quotPTK@=\dimen213

utility macros; pictures: \xy, positions,
\swaptoks@@=\toks31
\connectobjectbox@@=\box79
 objects,
\styletoks@=\toks32
 decorations;
kernel objects: directionals, circles, text; options; algorithms: directions,
edges, connections;  Xy-pic loaded)
(/usr/local/texlive/2012/texmf-dist/tex/generic/oberdiek/ifpdf.sty
Package: ifpdf 2011/01/30 v2.3 Provides the ifpdf switch (HO)
Package ifpdf Info: pdfTeX in PDF mode is not detected.
)
Package: xy 2012/05/24 Xy-pic version 3.8.8

(/usr/local/texlive/2012/texmf-dist/tex/generic/xypic/xyall.tex
 Xy-pic option: All features v.3.8
(/usr/local/texlive/2012/texmf-dist/tex/generic/xypic/xycurve.tex
 Xy-pic option: Curve and Spline extension v.3.12 curve,
\crv@cnt@=\count118
\crvpts@=\toks33
\splinebox@=\box80
\splineval@=\dimen214
\splinedepth@=\dimen215
\splinetol@=\dimen216
\splinelength@=\dimen217
 circles,
\L@=\dimen218
 loaded)
(/usr/local/texlive/2012/texmf-dist/tex/generic/xypic/xyframe.tex
 Xy-pic option: Frame and Bracket extension v.3.14 loaded)
(/usr/local/texlive/2012/texmf-dist/tex/generic/xypic/xycmtip.tex
 Xy-pic option: Computer Modern tip extension v.3.7
(/usr/local/texlive/2012/texmf-dist/tex/generic/xypic/xytips.tex
 Xy-pic option: More Tips extension v.3.9 loaded) loaded)
(/usr/local/texlive/2012/texmf-dist/tex/generic/xypic/xyline.tex
 Xy-pic option: Line styles extension v.3.10
\xylinethick@=\dimen219
 loaded)
(/usr/local/texlive/2012/texmf-dist/tex/generic/xypic/xyrotate.tex
 Xy-pic option: Rotate and Scale extension v.3.8 loaded)
(/usr/local/texlive/2012/texmf-dist/tex/generic/xypic/xycolor.tex
 Xy-pic option: Colour extension v.3.11 loaded)
(/usr/local/texlive/2012/texmf-dist/tex/generic/xypic/xymatrix.tex
 Xy-pic option: Matrix feature v.3.14
\Row=\count119
\Col=\count120
\queue@=\toks34
\queue@@=\toks35
\qcount@=\count121
\qcount@@=\count122
\matrixsize@=\count123
 loaded)
(/usr/local/texlive/2012/texmf-dist/tex/generic/xypic/xyarrow.tex
 Xy-pic option: Arrow and Path feature v.3.9 path, \ar, loaded)
(/usr/local/texlive/2012/texmf-dist/tex/generic/xypic/xygraph.tex
 Xy-pic option: Graph feature v.3.11 loaded) loaded))
(/usr/local/texlive/2012/texmf-dist/tex/latex/jknapltx/mathrsfs.sty
Package: mathrsfs 1996/01/01 Math RSFS package v1.0 (jk)
\symrsfs=\mathgroup7
)
\c@theorem=\count124
\c@defi=\count125
\c@defn=\count126
\c@rem=\count127
\c@prf=\count128

(/usr/local/texlive/2012/texmf-dist/tex/latex/here/here.sty)
(/usr/local/texlive/2012/texmf-dist/tex/latex/float/float.sty
Package: float 2001/11/08 v1.3d Float enhancements (AL)
\c@float@type=\count129
\float@exts=\toks36
\float@box=\box81
\@float@everytoks=\toks37
\@floatcapt=\box82
) (./main.aux)
\openout1 = `main.aux'.

LaTeX Font Info:    Checking defaults for OML/cmm/m/it on input line 104.
LaTeX Font Info:    ... okay on input line 104.
LaTeX Font Info:    Checking defaults for T1/cmr/m/n on input line 104.
LaTeX Font Info:    ... okay on input line 104.
LaTeX Font Info:    Checking defaults for OT1/cmr/m/n on input line 104.
LaTeX Font Info:    ... okay on input line 104.
LaTeX Font Info:    Checking defaults for OMS/cmsy/m/n on input line 104.
LaTeX Font Info:    ... okay on input line 104.
LaTeX Font Info:    Checking defaults for OMX/cmex/m/n on input line 104.
LaTeX Font Info:    ... okay on input line 104.
LaTeX Font Info:    Checking defaults for U/cmr/m/n on input line 104.
LaTeX Font Info:    ... okay on input line 104.
LaTeX Font Info:    Checking defaults for JY1/mc/m/n on input line 104.
LaTeX Font Info:    ... okay on input line 104.
LaTeX Font Info:    Checking defaults for JT1/mc/m/n on input line 104.
LaTeX Font Info:    ... okay on input line 104.
LaTeX Font Info:    Font shape `JT1/mrml/m/n' will be
(Font)              scaled to size 14.7849pt on input line 106.
LaTeX Font Info:    Font shape `JY1/mrml/m/n' will be
(Font)              scaled to size 14.7849pt on input line 106.
LaTeX Font Info:    Font shape `OT1/cmr/m/n' will be
(Font)              scaled to size 15.02303pt on input line 106.
LaTeX Font Info:    Font shape `JT1/mgbm/m/n' will be
(Font)              scaled to size 14.7849pt on input line 106.
LaTeX Font Info:    Font shape `JY1/mgbm/m/n' will be
(Font)              scaled to size 14.7849pt on input line 106.
LaTeX Font Info:    Font shape `JT1/mgbm/bx/n' will be
(Font)              scaled to size 14.7849pt on input line 106.
LaTeX Font Info:    Font shape `JY1/mgbm/bx/n' will be
(Font)              scaled to size 14.7849pt on input line 106.
LaTeX Font Info:    Font shape `OT1/cmr/bx/n' will be
(Font)              scaled to size 15.93346pt on input line 106.
LaTeX Font Info:    Font shape `JT1/mgbm/bx/n' will be
(Font)              scaled to size 18.48112pt on input line 106.
LaTeX Font Info:    Font shape `JY1/mgbm/bx/n' will be
(Font)              scaled to size 18.48112pt on input line 106.
LaTeX Font Info:    Font shape `OT1/cmr/bx/n' will be
(Font)              scaled to size 19.91682pt on input line 106.
LaTeX Font Info:    Font shape `OT1/cmr/m/n' will be
(Font)              scaled to size 6.83543pt on input line 106.
LaTeX Font Info:    Font shape `OT1/cmr/m/n' will be
(Font)              scaled to size 4.88248pt on input line 106.
LaTeX Font Info:    Font shape `OML/cmm/m/it' will be
(Font)              scaled to size 9.76495pt on input line 106.
LaTeX Font Info:    Font shape `OML/cmm/m/it' will be
(Font)              scaled to size 6.83543pt on input line 106.
LaTeX Font Info:    Font shape `OML/cmm/m/it' will be
(Font)              scaled to size 4.88248pt on input line 106.
LaTeX Font Info:    Font shape `OMS/cmsy/m/n' will be
(Font)              scaled to size 9.76495pt on input line 106.
LaTeX Font Info:    Font shape `OMS/cmsy/m/n' will be
(Font)              scaled to size 6.83543pt on input line 106.
LaTeX Font Info:    Font shape `OMS/cmsy/m/n' will be
(Font)              scaled to size 4.88248pt on input line 106.
LaTeX Font Info:    Try loading font information for U+msa on input line 106.

(/usr/local/texlive/2012/texmf-dist/tex/latex/amsfonts/umsa.fd
File: umsa.fd 2009/06/22 v3.00 AMS symbols A
)
LaTeX Font Info:    Try loading font information for U+msb on input line 106.

(/usr/local/texlive/2012/texmf-dist/tex/latex/amsfonts/umsb.fd
File: umsb.fd 2009/06/22 v3.00 AMS symbols B
)
LaTeX Font Info:    Try loading font information for U+rsfs on input line 106.

(/usr/local/texlive/2012/texmf-dist/tex/latex/jknapltx/ursfs.fd
File: ursfs.fd 1998/03/24 rsfs font definition file (jk)
)

LaTeX Font Warning: Font shape `U/rsfs/m/n' in size <6.47296> not available
(Font)              size <6> substituted on input line 106.

(./maegaki.tex
Missing character: There is no ^^e2 in font cmr10!
Missing character: There is no ^^85 in font cmr10!
Missing character: There is no ^^a0 in font cmr10!
) [1



] (./main.toc)
\tf@toc=\write4
\openout4 = `main.toc'.

 [2

] (./yamamoto.tex
LaTeX Font Info:    Try loading font information for OMS+cmr on input line 11.

(/usr/local/texlive/2012/texmf-dist/tex/latex/base/omscmr.fd
File: omscmr.fd 1999/05/25 v2.5h Standard LaTeX font definitions
)
LaTeX Font Info:    Font shape `OMS/cmr/bx/n' in size <14.22636> not available
(Font)              Font shape `OMS/cmsy/b/n' tried instead on input line 11.
LaTeX Font Info:    Font shape `OMS/cmsy/b/n' will be
(Font)              scaled to size 15.02303pt on input line 11.
LaTeX Font Info:    Font shape `OT1/cmr/m/n' will be
(Font)              scaled to size 7.36124pt on input line 12.
LaTeX Font Info:    Font shape `OT1/cmr/m/n' will be
(Font)              scaled to size 5.25804pt on input line 12.
LaTeX Font Info:    Font shape `OML/cmm/m/it' will be
(Font)              scaled to size 10.51611pt on input line 12.
LaTeX Font Info:    Font shape `OML/cmm/m/it' will be
(Font)              scaled to size 7.36124pt on input line 12.
LaTeX Font Info:    Font shape `OML/cmm/m/it' will be
(Font)              scaled to size 5.25804pt on input line 12.
LaTeX Font Info:    Font shape `OMS/cmsy/m/n' will be
(Font)              scaled to size 10.51611pt on input line 12.
LaTeX Font Info:    Font shape `OMS/cmsy/m/n' will be
(Font)              scaled to size 7.36124pt on input line 12.
LaTeX Font Info:    Font shape `OMS/cmsy/m/n' will be
(Font)              scaled to size 5.25804pt on input line 12.
 [1


] [2] [3]
[4]
LaTeX Font Info:    Font shape `OMS/cmr/m/n' in size <9.24713> not available
(Font)              Font shape `OMS/cmsy/m/n' tried instead on input line 101.
LaTeX Font Info:    Font shape `OMS/cmsy/m/n' will be
(Font)              scaled to size 9.76495pt on input line 101.
 [5] [6] [7] [8] [9] [10]) (./kikuchi.tex [11]
LaTeX Font Info:    Font shape `JT1/mrml/m/n' will be
(Font)              scaled to size 6.72708pt on input line 13.
LaTeX Font Info:    Font shape `JY1/mrml/m/n' will be
(Font)              scaled to size 6.72708pt on input line 13.
LaTeX Font Info:    Font shape `JT1/mrml/m/n' will be
(Font)              scaled to size 8.13168pt on input line 14.
LaTeX Font Info:    Font shape `JY1/mrml/m/n' will be
(Font)              scaled to size 8.13168pt on input line 14.
LaTeX Font Info:    Font shape `OT1/cmr/m/n' will be
(Font)              scaled to size 8.26265pt on input line 14.
LaTeX Font Info:    Font shape `OT1/cmr/m/n' will be
(Font)              scaled to size 7.43634pt on input line 14.
LaTeX Font Info:    Font shape `OT1/cmr/m/n' will be
(Font)              scaled to size 7.0233pt on input line 14.
LaTeX Font Info:    Font shape `OML/cmm/m/it' will be
(Font)              scaled to size 8.26265pt on input line 14.
LaTeX Font Info:    Font shape `OML/cmm/m/it' will be
(Font)              scaled to size 7.43634pt on input line 14.
LaTeX Font Info:    Font shape `OML/cmm/m/it' will be
(Font)              scaled to size 7.0233pt on input line 14.
LaTeX Font Info:    Font shape `OMS/cmsy/m/n' will be
(Font)              scaled to size 8.26265pt on input line 14.
LaTeX Font Info:    Font shape `OMS/cmsy/m/n' will be
(Font)              scaled to size 7.43634pt on input line 14.
LaTeX Font Info:    Font shape `OMS/cmsy/m/n' will be
(Font)              scaled to size 7.0233pt on input line 14.
LaTeX Font Info:    Font shape `JT1/mrml/m/n' will be
(Font)              scaled to size 7.31847pt on input line 14.
LaTeX Font Info:    Font shape `JY1/mrml/m/n' will be
(Font)              scaled to size 7.31847pt on input line 14.
LaTeX Font Info:    Font shape `JT1/mrml/bx/n' will be
(Font)              scaled to size 9.61017pt on input line 38.
LaTeX Font Info:    Font shape `JY1/mrml/bx/n' will be
(Font)              scaled to size 9.61017pt on input line 38.
 [12

] (./kikuchicall.tpc)
(./kikuchibinomial.tpc) [13]
Overfull \hbox (15.25499pt too wide) in paragraph at lines 119--152
 [] 
 []

[14]
File: kikuchiBM_2.eps Graphic file (type eps)
 <kikuchiBM_2.eps> [15] [16] [17]
File: kikuchiBS.eps Graphic file (type eps)
 <kikuchiBS.eps>
Overfull \hbox (2.53496pt too wide) in paragraph at lines 401--402
[]\OT1/cmr/m/n/9.24713 [1] Steven E. Shreve,``Stochastic Calu-cu-lus for Fi-nan
ce II Continuous-Time Mod-els'',Springer 
 []

[18]) (./kasaura.tex [19] [20

]
LaTeX Font Info:    Font shape `JT1/mrml/m/n' will be
(Font)              scaled to size 7.39244pt on input line 49.
LaTeX Font Info:    Font shape `JY1/mrml/m/n' will be
(Font)              scaled to size 7.39244pt on input line 49.
LaTeX Font Info:    Font shape `OT1/cmr/m/n' will be
(Font)              scaled to size 7.5115pt on input line 49.
LaTeX Font Info:    Font shape `OMS/cmr/bx/n' in size <9.24713> not available
(Font)              Font shape `OMS/cmsy/b/n' tried instead on input line 60.
LaTeX Font Info:    Font shape `OMS/cmsy/b/n' will be
(Font)              scaled to size 9.76495pt on input line 60.
LaTeX Font Info:    Font shape `JT1/mrml/bx/n' will be
(Font)              scaled to size 7.39244pt on input line 60.
LaTeX Font Info:    Font shape `JY1/mrml/bx/n' will be
(Font)              scaled to size 7.39244pt on input line 60.
LaTeX Font Info:    Font shape `OT1/cmr/bx/n' will be
(Font)              scaled to size 7.5115pt on input line 60.
 [21] [22]
LaTeX Font Info:    Font shape `OT1/cmr/bx/n' will be
(Font)              scaled to size 6.83543pt on input line 145.
LaTeX Font Info:    Font shape `OT1/cmr/bx/n' will be
(Font)              scaled to size 4.88248pt on input line 145.
 [23] [24] [25]) (./zetamura.tex
[26]

LaTeX Warning: Citation `Riemann' on page 27 undefined on input line 9.

[27

]
runsystem(extractbb zetamura1.pdf)...disabled (restricted).



! LaTeX Error: File `zetamura1.xbb' not found. Use -shell-escape option to gene
rate automatically.

See the LaTeX manual or LaTeX Companion for explanation.
Type  H <return>  for immediate help.
 ...                                              
                                                  
l.47 \includegraphics[width=50mm]{zetamura1.pdf}
                                                
? 

! LaTeX Error: Cannot determine size of graphic in zetamura1.xbb (no BoundingBo
x).

See the LaTeX manual or LaTeX Companion for explanation.
Type  H <return>  for immediate help.
 ...                                              
                                                  
l.47 \includegraphics[width=50mm]{zetamura1.pdf}
                                                
? 
File: zetamura1.pdf Graphic file (type pdf)
<zetamura1.pdf>
LaTeX Font Info:    Font shape `OT1/cmr/m/n' will be
(Font)              scaled to size 10.51607pt on input line 64.
LaTeX Font Info:    Font shape `OML/cmm/m/it' will be
(Font)              scaled to size 15.02303pt on input line 64.
LaTeX Font Info:    Font shape `OML/cmm/m/it' will be
(Font)              scaled to size 10.51607pt on input line 64.
LaTeX Font Info:    Font shape `OML/cmm/m/it' will be
(Font)              scaled to size 7.5115pt on input line 64.
LaTeX Font Info:    Font shape `OMS/cmsy/m/n' will be
(Font)              scaled to size 15.02303pt on input line 64.
LaTeX Font Info:    Font shape `OMS/cmsy/m/n' will be
(Font)              scaled to size 10.51607pt on input line 64.
LaTeX Font Info:    Font shape `OMS/cmsy/m/n' will be
(Font)              scaled to size 7.5115pt on input line 64.
LaTeX Font Info:    Font shape `OT1/cmr/bx/n' will be
(Font)              scaled to size 10.51607pt on input line 64.
runsystem(extractbb zetamura2.pdf)...disabled (restricted).



! LaTeX Error: File `zetamura2.xbb' not found. Use -shell-escape option to gene
rate automatically.

See the LaTeX manual or LaTeX Companion for explanation.
Type  H <return>  for immediate help.
 ...                                              
                                                  
l.85 \includegraphics[width=50mm]{zetamura2.pdf}
                                                
? 

! LaTeX Error: Cannot determine size of graphic in zetamura2.xbb (no BoundingBo
x).

See the LaTeX manual or LaTeX Companion for explanation.
Type  H <return>  for immediate help.
 ...                                              
                                                  
l.85 \includegraphics[width=50mm]{zetamura2.pdf}
                                                
? 
File: zetamura2.pdf Graphic file (type pdf)
<zetamura2.pdf> [28]
Overfull \hbox (10.47047pt too wide) in alignment at lines 111--115
 [][][] []
 []


LaTeX Warning: Reference `eq:1' on page 29 undefined on input line 116.

runsystem(extractbb zetamura3.pdf)...disabled (restricted).


! LaTeX Error: File `zetamura3.xbb' not found. Use -shell-escape option to gene
rate automatically.

See the LaTeX manual or LaTeX Companion for explanation.
Type  H <return>  for immediate help.
 ...                                              
                                                  
l.134 \includegraphics[width=50mm]{zetamura3.pdf}
                                                 
? 

! LaTeX Error: Cannot determine size of graphic in zetamura3.xbb (no BoundingBo
x).

See the LaTeX manual or LaTeX Companion for explanation.
Type  H <return>  for immediate help.
 ...                                              
                                                  
l.134 \includegraphics[width=50mm]{zetamura3.pdf}
                                                 
? 
File: zetamura3.pdf Graphic file (type pdf)
<zetamura3.pdf> [29]

LaTeX Warning: Reference `eq:3' on page 30 undefined on input line 137.


LaTeX Warning: Reference `eq:3' on page 30 undefined on input line 152.


LaTeX Warning: Reference `eq:2' on page 30 undefined on input line 156.


LaTeX Warning: Reference `eq:4' on page 30 undefined on input line 170.

[30]

LaTeX Font Warning: Font shape `JT1/mrml/m/it' undefined
(Font)              using `JT1/mrml/m/n' instead on input line 207.


LaTeX Font Warning: Font shape `JY1/mrml/m/it' undefined
(Font)              using `JY1/mrml/m/n' instead on input line 207.

LaTeX Font Info:    Font shape `OT1/cmr/m/it' will be
(Font)              scaled to size 9.76495pt on input line 207.
LaTeX Font Info:    Font shape `JT1/mrml/m/it' will be
(Font)              scaled to size 9.61017pt on input line 207.
LaTeX Font Info:    Font shape `JY1/mrml/m/it' will be
(Font)              scaled to size 9.61017pt on input line 207.
) (./abelian_cat.tex [31] [32

] [33] <xymatrix 3x2 231> <xymatrix 3x2 231>
[34] <xymatrix 2x2 182> <xymatrix 4x2 249> <xymatrix 3x2 231> [35] <xymatrix
3x2 231> <xymatrix 3x2 245> <xymatrix 3x2 227> [36] <xymatrix 3x2 182>
<xymatrix 3x2 190> [37] <xymatrix 4x2 218> <xymatrix 3x2 145> <xymatrix 4x3
202> <xymatrix 2x2 223> [38] <xymatrix 3x3 358> <xymatrix 3x2 145> <xymatrix
3x3 229> <xymatrix 3x2 272> [39] <xymatrix 3x2 145>
Overfull \hbox (4.61165pt too wide) in paragraph at lines 401--404
$[]\OML/cmm/m/it/9.24713 ; []$ \JY1/mrml/m/it/9.24713 による分解によ って得られ
た \OT1/cmr/m/n/9.24713 epi \JY1/mrml/m/it/9.24713 射 ， \OT1/cmr/m/n/9.24713 m
ono \JY1/mrml/m/it/9.24713 射をそれぞれ $\OML/cmm/m/it/9.24713 e; m$ \JY1/mrml/
m/it/9.24713 とする ． $[]\OML/cmm/m/it/9.24713 ; []$
 []

<xymatrix 6x3 397> <xymatrix 2x2 182> <xymatrix 3x3 331> [40] <xymatrix 2x2
182> <xymatrix 3x3 331> <xymatrix 2x2 182> <xymatrix 3x3 376> [41] <xymatrix
2x2 182> <xymatrix 2x2 182> <xymatrix 3x2 190> <xymatrix 3x2 272> [42]
<xymatrix 3x3 386> <xymatrix 3x3 376> <xymatrix 3x3 444> [43] <xymatrix 3x1
96> <xymatrix 2x2 223> <xymatrix 3x1 96> <xymatrix 3x2 306> <xymatrix 4x3 397>
<xymatrix 4x2 276> [44] <xymatrix 5x2 575> <xymatrix 4x2 354> <xymatrix 5x2
465> <xymatrix 5x4 937> [45] <xymatrix 8x1 307> <xymatrix 3x4 843> <xymatrix
4x1 141> <xymatrix 3x4 280> [46] <xymatrix 3x3 331>
Overfull \hbox (18.18721pt too wide) in paragraph at lines 751--752
[]\OT1/cmr/m/n/9.24713 [4]Charles A. Weibel,"An in-tro-duc-tion to ho-mo-log-i-
cal al-ge-bra",Cambridge Uni-ver-sity Press,1994 
 []

) (./sp1.tex [47]
LaTeX Font Info:    Font shape `OT1/cmr/bx/n' will be
(Font)              scaled to size 8.26265pt on input line 3.
LaTeX Font Info:    Font shape `OT1/cmr/bx/n' will be
(Font)              scaled to size 7.43634pt on input line 3.
LaTeX Font Info:    Font shape `OT1/cmr/bx/n' will be
(Font)              scaled to size 7.0233pt on input line 3.


LaTeX Warning: File `sp1slitherlink1.png' not found on input line 7.

File: sp1slitherlink1.png Graphic file (type bmp)
<sp1slitherlink1.png>
LaTeX Font Info:    Font shape `OT1/cmr/bx/n' will be
(Font)              scaled to size 7.36124pt on input line 9.
LaTeX Font Info:    Font shape `OT1/cmr/bx/n' will be
(Font)              scaled to size 5.25804pt on input line 9.
 [48

]

LaTeX Warning: File `sp1kakkuro1.png' not found on input line 20.

File: sp1kakkuro1.png Graphic file (type bmp)
<sp1kakkuro1.png>) (./miyamoto.tex [49] [50

] [51]
LaTeX Font Info:    Try loading font information for U+euf on input line 57.

(/usr/local/texlive/2012/texmf-dist/tex/latex/amsfonts/ueuf.fd
File: ueuf.fd 2009/06/22 v3.00 Euler Fraktur
) [52]
LaTeX Font Info:    Font shape `JT1/mrml/m/n' will be
(Font)              scaled to size 4.80508pt on input line 81.
LaTeX Font Info:    Font shape `JY1/mrml/m/n' will be
(Font)              scaled to size 4.80508pt on input line 81.
 [53])
[54] (./atogaki.tex
LaTeX Font Info:    Font shape `JT1/mrml/bx/n' will be
(Font)              scaled to size 11.08867pt on input line 27.
LaTeX Font Info:    Font shape `JY1/mrml/bx/n' will be
(Font)              scaled to size 11.08867pt on input line 27.
LaTeX Font Info:    Font shape `OT1/cmr/m/n' will be
(Font)              scaled to size 7.88704pt on input line 27.
LaTeX Font Info:    Font shape `OT1/cmr/m/n' will be
(Font)              scaled to size 5.63364pt on input line 27.
LaTeX Font Info:    Font shape `OML/cmm/m/it' will be
(Font)              scaled to size 11.26727pt on input line 27.
LaTeX Font Info:    Font shape `OML/cmm/m/it' will be
(Font)              scaled to size 7.88704pt on input line 27.
LaTeX Font Info:    Font shape `OML/cmm/m/it' will be
(Font)              scaled to size 5.63364pt on input line 27.
LaTeX Font Info:    Font shape `OMS/cmsy/m/n' will be
(Font)              scaled to size 11.26727pt on input line 27.
LaTeX Font Info:    Font shape `OMS/cmsy/m/n' will be
(Font)              scaled to size 7.88704pt on input line 27.
LaTeX Font Info:    Font shape `OMS/cmsy/m/n' will be
(Font)              scaled to size 5.63364pt on input line 27.
LaTeX Font Info:    Font shape `OT1/cmr/bx/n' will be
(Font)              scaled to size 7.88704pt on input line 27.
LaTeX Font Info:    Font shape `OT1/cmr/bx/n' will be
(Font)              scaled to size 5.63364pt on input line 27.


LaTeX Font Warning: Font shape `U/rsfs/m/n' in size <7.4688> not available
(Font)              size <7> substituted on input line 27.

LaTeX Font Info:    Font shape `OMS/cmr/m/n' in size <8.53581> not available
(Font)              Font shape `OMS/cmsy/m/n' tried instead on input line 45.
LaTeX Font Info:    Font shape `OMS/cmsy/m/n' will be
(Font)              scaled to size 9.01381pt on input line 45.
) [55

] (./main.aux)

LaTeX Font Warning: Size substitutions with differences
(Font)              up to 0.47296pt have occurred.


LaTeX Font Warning: Some font shapes were not available, defaults substituted.


LaTeX Warning: There were undefined references.


LaTeX Warning: Label(s) may have changed. Rerun to get cross-references right.

 ) 
Here is how much of TeX's memory you used:
 4889 strings out of 494059
 61673 string characters out of 3156205
 253293 words of memory out of 3000000
 8180 multiletter control sequences out of 15000+200000
 55795 words of font info for 235 fonts, out of 3000000 for 9000
 745 hyphenation exceptions out of 8191
 31i,17n,26p,917b,851s stack positions out of 5000i,500n,10000p,200000b,50000s

Output written on main.dvi (57 pages, 333356 bytes).
